Exception in thread "DisconnectableInputStream source reader" org.gradle.api.UncheckedIOException: java.io.IOException: Bad file descriptor
	at org.gradle.internal.UncheckedException.throwAsUncheckedException(UncheckedException.java:57)
	at org.gradle.internal.UncheckedException.throwAsUncheckedException(UncheckedException.java:40)
	at org.gradle.util.DisconnectableInputStream$1.run(DisconnectableInputStream.java:125)
	at java.lang.Thread.run(Thread.java:748)
Caused by: java.io.IOException: Bad file descriptor
	at java.io.FileInputStream.readBytes(Native Method)
	at java.io.FileInputStream.read(FileInputStream.java:255)
	at java.io.BufferedInputStream.fill(BufferedInputStream.java:246)
	at java.io.BufferedInputStream.read1(BufferedInputStream.java:286)
	at java.io.BufferedInputStream.read(BufferedInputStream.java:345)
	at org.gradle.util.DisconnectableInputStream$1.run(DisconnectableInputStream.java:96)
	... 1 more

> Configure project :
Loading base configuration from config/default.properties.

> Task :databaseInterface:compileKotlin
> Task :databaseInterface:compileJava UP-TO-DATE
> Task :databaseInterface:processResources NO-SOURCE

> Task :loadPropertiesTask
(Properties were loaded during configuration)

> Task :databaseInterface:copyConfig NO-SOURCE
> Task :databaseInterface:classes UP-TO-DATE
> Task :databaseInterface:inspectClassesForKotlinIC
> Task :databaseInterface:jar
> Task :models:compileKotlin
> Task :models:compileJava NO-SOURCE
> Task :models:processResources NO-SOURCE
> Task :models:copyConfig NO-SOURCE
> Task :models:classes UP-TO-DATE
> Task :models:inspectClassesForKotlinIC
> Task :models:jar
> Task :serialization:compileKotlin
> Task :serialization:compileJava NO-SOURCE
> Task :serialization:processResources NO-SOURCE
> Task :serialization:copyConfig NO-SOURCE
> Task :serialization:classes UP-TO-DATE
> Task :serialization:inspectClassesForKotlinIC UP-TO-DATE
> Task :serialization:jar UP-TO-DATE
> Task :security:compileKotlin
> Task :security:compileJava NO-SOURCE
> Task :security:processResources
> Task :security:copyConfig
> Task :security:classes
> Task :security:inspectClassesForKotlinIC UP-TO-DATE
> Task :security:jar
> Task :emails:compileKotlin
> Task :emails:compileJava NO-SOURCE
> Task :emails:processResources UP-TO-DATE
> Task :emails:copyConfig NO-SOURCE
> Task :emails:classes UP-TO-DATE
> Task :emails:inspectClassesForKotlinIC UP-TO-DATE
> Task :emails:jar UP-TO-DATE

> Task :app:compileKotlin
w: /home/aehill/Documents/dev/montagu-api/src/app/src/main/kotlin/org/vaccineimpact/api/app/controllers/BurdenEstimates/BurdenEstimateUploadController.kt: (228, 13): Parameter 'metadata' is never used

> Task :app:compileJava NO-SOURCE
> Task :app:processResources
> Task :app:copyConfig

> Task :app:showConfig
This is the config being used:
db.host=localhost
db.port=5432
db.name=montagu
db.username=vimc
db.password=changeme

allow.localhost=true

# In seconds
token.lifespan=86400
token.issuer=vaccineimpact.org

app.auth=true
app.version=0.0.0
app.port=8080
app.url=http://localhost:8080
api.version=v1

email.mode=disk
email.server=smtp.cc.ic.ac.uk
email.port=587
email.sender=montagu-notifications@imperial.ac.uk
email.username=montagu
email.password=none

contact.support=montagu-help@imperial.ac.uk
slack.url=
orderlyweb.api.url=http://localhost:8888/api/v1


> Task :app:classes

> Task :app:run
Waiting for signal file at /etc/montagu/api/go_signal.
(In development environments, run `sudo touch /etc/montagu/api/go_signal`)
Go signal detected. Running API
[main] INFO org.vaccineimpact.api.security.KeyHelper - Unable to find a token keypair at /etc/montagu/api/token_key. Generating a new
[main] INFO org.vaccineimpact.api.security.KeyHelper - RSA keypair for token signing. If other applications need to
[main] INFO org.vaccineimpact.api.security.KeyHelper - verify tokens they should use the following public key:
[main] INFO org.vaccineimpact.api.security.KeyHelper - Public key for token verification: [B@5f205aa
[Thread-0] INFO org.eclipse.jetty.util.log - Logging initialized @374ms to org.eclipse.jetty.util.log.Slf4jLog
[main] INFO org.vaccineimpact.api.app.app_start.Router - Mapping /v1/ to index on HomeController
[main] INFO org.vaccineimpact.api.app.app_start.Router - Mapping /v1/authenticate/ to authenticate on AuthenticationController
[Thread-0] INFO spark.embeddedserver.jetty.EmbeddedJettyServer - == Spark has ignited ...
[Thread-0] INFO spark.embeddedserver.jetty.EmbeddedJettyServer - >> Listening on 0.0.0.0:8080
[Thread-0] INFO org.eclipse.jetty.server.Server - jetty-9.4.6.v20170531
[main] INFO org.vaccineimpact.api.app.app_start.Router - Mapping /v1/diseases/ to getDiseases on DiseaseController
[Thread-0] INFO org.eclipse.jetty.server.session - DefaultSessionIdManager workerName=node0
[Thread-0] INFO org.eclipse.jetty.server.session - No SessionScavenger set, using defaults
[main] INFO org.vaccineimpact.api.app.app_start.Router - Mapping /v1/diseases/:id/ to getDisease on DiseaseController
[main] INFO org.vaccineimpact.api.app.app_start.Router - Mapping /v1/expectations/ to getAllExpectations on ExpectationsController
[main] INFO org.vaccineimpact.api.app.app_start.Router - Mapping /v1/logout/ to logOut on AuthenticationController
[main] INFO org.vaccineimpact.api.app.app_start.Router - Mapping /v1/meta/simulate-error/ to simulateError on HomeController
[Thread-0] INFO org.eclipse.jetty.server.session - Scavenging every 660000ms
[main] INFO org.vaccineimpact.api.app.app_start.Router - Mapping /v1/modelling-groups/ to getModellingGroups on ModellingGroupController
[main] INFO org.vaccineimpact.api.app.app_start.Router - Mapping /v1/modelling-groups/ to createModellingGroup on ModellingGroupController
[main] INFO org.vaccineimpact.api.app.app_start.Router - Mapping /v1/modelling-groups/:group-id/ to getModellingGroup on ModellingGroupController
[main] INFO org.vaccineimpact.api.app.app_start.Router - Mapping /v1/modelling-groups/:group-id/actions/associate-member/ to modifyMembership on ModellingGroupController
[main] INFO org.vaccineimpact.api.app.app_start.Router - Mapping /v1/modelling-groups/:group-id/expectations/:touchstone-version-id/:expectation-id/ to getTemplate on GroupResponsibilityController
[main] INFO org.vaccineimpact.api.app.app_start.Router - Mapping /v1/modelling-groups/:group-id/model-run-parameters/:touchstone-version-id/ to getModelRunParameterSets on GroupModelRunParametersController
[main] INFO org.vaccineimpact.api.app.app_start.Router - Mapping /v1/modelling-groups/:group-id/model-run-parameters/:touchstone-version-id/ to addModelRunParameters on GroupModelRunParametersController
[main] INFO org.vaccineimpact.api.app.app_start.Router - Mapping /v1/modelling-groups/:group-id/model-run-parameters/:touchstone-version-id/:model-run-parameter-set-id/ to getModelRunParameterSet on GroupModelRunParametersController
[main] INFO org.vaccineimpact.api.app.app_start.Router - Mapping /v1/modelling-groups/:group-id/responsibilities/ to getResponsibleTouchstones on GroupResponsibilityController
[main] INFO org.vaccineimpact.api.app.app_start.Router - Mapping /v1/modelling-groups/:group-id/responsibilities/:touchstone-version-id/ to getResponsibilities on GroupResponsibilityController
[main] INFO org.vaccineimpact.api.app.app_start.Router - Mapping /v1/modelling-groups/:group-id/responsibilities/:touchstone-version-id/:scenario-id/ to getResponsibility on GroupResponsibilityController
[main] INFO org.vaccineimpact.api.app.app_start.Router - Mapping /v1/modelling-groups/:group-id/responsibilities/:touchstone-version-id/:scenario-id/coverage-sets/ to getCoverageSetsForGroup on CoverageController
[main] INFO org.vaccineimpact.api.app.app_start.Router - Mapping /v1/modelling-groups/:group-id/responsibilities/:touchstone-version-id/:scenario-id/coverage/ to getCoverageDataAndMetadataForGroup on CoverageController
[main] INFO org.vaccineimpact.api.app.app_start.Router - Mapping /v1/modelling-groups/:group-id/responsibilities/:touchstone-version-id/:scenario-id/coverage/ to getCoverageDataForGroup on CoverageController
[main] INFO org.vaccineimpact.api.app.app_start.Router - Mapping /v1/modelling-groups/:group-id/responsibilities/:touchstone-version-id/:scenario-id/coverage/csv/ to getCoverageDataForGroup on CoverageController
[main] INFO org.vaccineimpact.api.app.app_start.Router - Mapping /v1/modelling-groups/:group-id/responsibilities/:touchstone-version-id/:scenario-id/estimate-sets/ to getBurdenEstimateSets on BurdenEstimatesController
[main] INFO org.vaccineimpact.api.app.app_start.Router - Mapping /v1/modelling-groups/:group-id/responsibilities/:touchstone-version-id/:scenario-id/estimate-sets/ to createBurdenEstimateSet on BurdenEstimatesController
[main] INFO org.vaccineimpact.api.app.app_start.Router - Mapping /v1/modelling-groups/:group-id/responsibilities/:touchstone-version-id/:scenario-id/estimate-sets/:set-id/ to getBurdenEstimateSet on BurdenEstimatesController
[main] INFO org.vaccineimpact.api.app.app_start.Router - Mapping /v1/modelling-groups/:group-id/responsibilities/:touchstone-version-id/:scenario-id/estimate-sets/:set-id/ to populateBurdenEstimateSet on BurdenEstimateUploadController
[main] INFO org.vaccineimpact.api.app.app_start.Router - Mapping /v1/modelling-groups/:group-id/responsibilities/:touchstone-version-id/:scenario-id/estimate-sets/:set-id/actions/clear/ to clearBurdenEstimateSet on BurdenEstimatesController
[main] INFO org.vaccineimpact.api.app.app_start.Router - Mapping /v1/modelling-groups/:group-id/responsibilities/:touchstone-version-id/:scenario-id/estimate-sets/:set-id/actions/close/ to closeBurdenEstimateSet on BurdenEstimatesController
[main] INFO org.vaccineimpact.api.app.app_start.Router - Mapping /v1/modelling-groups/:group-id/responsibilities/:touchstone-version-id/:scenario-id/estimate-sets/:set-id/actions/populate/:token/ to populateBurdenEstimateSetFromLocalFile on BurdenEstimateUploadController
[main] INFO org.vaccineimpact.api.app.app_start.Router - Mapping /v1/modelling-groups/:group-id/responsibilities/:touchstone-version-id/:scenario-id/estimate-sets/:set-id/actions/request-upload/ to getUploadToken on BurdenEstimateUploadController
[main] INFO org.vaccineimpact.api.app.app_start.Router - Mapping /v1/modelling-groups/:group-id/responsibilities/:touchstone-version-id/:scenario-id/estimate-sets/:set-id/actions/upload/:token/ to uploadBurdenEstimateFile on BurdenEstimateUploadController
[main] INFO org.vaccineimpact.api.app.app_start.Router - Mapping /v1/modelling-groups/:group-id/responsibilities/:touchstone-version-id/:scenario-id/estimate-sets/:set-id/estimates/ to getBurdenEstimateSetData on BurdenEstimatesController
[main] INFO org.vaccineimpact.api.app.app_start.Router - Mapping /v1/modelling-groups/:group-id/responsibilities/:touchstone-version-id/:scenario-id/estimate-sets/:set-id/estimates/:outcome-code/ to getEstimatesForOutcome on BurdenEstimatesController
[main] INFO org.vaccineimpact.api.app.app_start.Router - Mapping /v1/models/ to getModels on ModelController
[main] INFO org.vaccineimpact.api.app.app_start.Router - Mapping /v1/models/:id/ to getModel on ModelController
[main] INFO org.vaccineimpact.api.app.app_start.Router - Mapping /v1/onetime_token/ to getToken on OneTimeTokenController
[main] INFO org.vaccineimpact.api.app.app_start.Router - Mapping /v1/password/request-link/ to requestResetPasswordLink on PasswordController
[main] INFO org.vaccineimpact.api.app.app_start.Router - Mapping /v1/password/set/ to setPassword on PasswordController
[main] INFO org.vaccineimpact.api.app.app_start.Router - Mapping /v1/set-cookies/ to setCookies on AuthenticationController
[main] INFO org.vaccineimpact.api.app.app_start.Router - Mapping /v1/touchstones/ to getTouchstones on TouchstoneController
[main] INFO org.vaccineimpact.api.app.app_start.Router - Mapping /v1/touchstones/:touchstone-version-id/:scenario-id//coverage/ to getCoverageDataAndMetadataForTouchstoneVersion on CoverageController
[main] INFO org.vaccineimpact.api.app.app_start.Router - Mapping /v1/touchstones/:touchstone-version-id/:scenario-id//coverage/ to getCoverageDataForTouchstoneVersion on CoverageController
[main] INFO org.vaccineimpact.api.app.app_start.Router - Mapping /v1/touchstones/:touchstone-version-id/:scenario-id//coverage/csv/ to getCoverageDataForTouchstoneVersion on CoverageController
[main] INFO org.vaccineimpact.api.app.app_start.Router - Mapping /v1/touchstones/:touchstone-version-id/demographics/ to getDemographicDatasets on TouchstoneController
[main] INFO org.vaccineimpact.api.app.app_start.Router - Mapping /v1/touchstones/:touchstone-version-id/demographics/:source-code/:type-code/ to getDemographicDataAndMetadata on TouchstoneController
[main] INFO org.vaccineimpact.api.app.app_start.Router - Mapping /v1/touchstones/:touchstone-version-id/demographics/:source-code/:type-code/ to getDemographicData on TouchstoneController
[main] INFO org.vaccineimpact.api.app.app_start.Router - Mapping /v1/touchstones/:touchstone-version-id/demographics/:source-code/:type-code/csv/ to getDemographicData on TouchstoneController
[main] INFO org.vaccineimpact.api.app.app_start.Router - Mapping /v1/touchstones/:touchstone-version-id/responsibilities/ to getResponsibilities on TouchstoneController
[main] INFO org.vaccineimpact.api.app.app_start.Router - Mapping /v1/touchstones/:touchstone-version-id/scenarios/ to getScenarios on TouchstoneController
[main] INFO org.vaccineimpact.api.app.app_start.Router - Mapping /v1/touchstones/:touchstone-version-id/scenarios/:scenario-id/ to getScenario on TouchstoneController
[main] INFO org.vaccineimpact.api.app.app_start.Router - Mapping /v1/user/ to getCurrentUser on UserController
[main] INFO org.vaccineimpact.api.app.app_start.Router - Mapping /v1/user/modelling-groups/ to getModellingGroupsForUser on ModellingGroupController
[main] INFO org.vaccineimpact.api.app.app_start.Router - Mapping /v1/users/ to getUsers on UserController
[main] INFO org.vaccineimpact.api.app.app_start.Router - Mapping /v1/users/ to createUser on UserController
[main] INFO org.vaccineimpact.api.app.app_start.Router - Mapping /v1/users/:username/ to getUser on UserController
[main] INFO org.vaccineimpact.api.app.app_start.Router - Mapping /v1/users/:username/actions/associate-role/ to modifyUserRole on UserController
[main] INFO org.vaccineimpact.api.app.app_start.Router - Mapping /v1/users/report-readers/:report/ to getReportReaders on UserController
[main] INFO org.vaccineimpact.api.app.app_start.Router - Mapping /v1/users/rfp/agree-confidentiality/ to saveConfidentialityAgreement on UserController
[main] INFO org.vaccineimpact.api.app.app_start.Router - Mapping /v1/users/rfp/agree-confidentiality/ to hasAgreedConfidentiality on UserController
[main] INFO org.vaccineimpact.api.app.app_start.Router - Mapping /v1/users/roles/all/ to getGlobalRoles on UserController
[Thread-0] INFO org.eclipse.jetty.server.AbstractConnector - Started ServerConnector@11ca63a1{HTTP/1.1,[http/1.1]}{0.0.0.0:8080}
[Thread-0] INFO org.eclipse.jetty.server.Server - Started @449ms
